Extracting gene ranks for eQTL catalogue
Extracting gene ranks for GTEx
Extracting gene ranks for onek1k
Warning: program compiled against libxml 211 using older 209
[1] "B"
[1] "Mono"
[1] "NK"
[1] "DC"
[1] "CD4_T"
[1] "CD8_T"
[1] "other"
[1] "other_T"
Warning message:
In left_join(., annot.GRC38, "gene_name") :
  Detected an unexpected many-to-many relationship between `x` and `y`.
ℹ Row 602 of `x` matches multiple rows in `y`.
ℹ Row 49554 of `y` matches multiple rows in `x`.
ℹ If a many-to-many relationship is expected, set `relationship =
  "many-to-many"` to silence this warning.
Done
