
The following have been reloaded with a version change:
  1) GCCcore/11.3.0 => GCCcore/13.2.0
  2) LibTIFF/4.3.0-GCCcore-11.3.0 => LibTIFF/4.6.0-GCCcore-13.2.0
  3) NASM/2.15.05-GCCcore-11.3.0 => NASM/2.16.01-GCCcore-13.2.0
  4) SQLite/3.38.3-GCCcore-11.3.0 => SQLite/3.43.1-GCCcore-13.2.0
  5) Tcl/8.6.12-GCCcore-11.3.0 => Tcl/8.6.13-GCCcore-13.2.0
  6) XZ/5.2.5-GCCcore-11.3.0 => XZ/5.4.4-GCCcore-13.2.0
  7) bzip2/1.0.8-GCCcore-11.3.0 => bzip2/1.0.8-GCCcore-13.2.0
  8) cURL/7.83.0-GCCcore-11.3.0 => cURL/8.3.0-GCCcore-13.2.0
  9) gzip/1.12-GCCcore-11.3.0 => gzip/1.13-GCCcore-13.2.0
 10) jbigkit/2.1-GCCcore-11.3.0 => jbigkit/2.1-GCCcore-13.2.0
 11) libdeflate/1.10-GCCcore-11.3.0 => libdeflate/1.19-GCCcore-13.2.0
 12) libjpeg-turbo/2.1.3-GCCcore-11.3.0 => libjpeg-turbo/3.0.1-GCCcore-13.2.0
 13) libpng/1.6.37-GCCcore-11.3.0 => libpng/1.6.40-GCCcore-13.2.0
 14) libreadline/8.1.2-GCCcore-11.3.0 => libreadline/8.2-GCCcore-13.2.0
 15) lz4/1.9.3-GCCcore-11.3.0 => lz4/1.9.4-GCCcore-13.2.0
 16) ncurses/6.3-GCCcore-11.3.0 => ncurses/6.4-GCCcore-13.2.0
 17) zlib/1.2.12-GCCcore-11.3.0 => zlib/1.2.13-GCCcore-13.2.0
 18) zstd/1.5.2-GCCcore-11.3.0 => zstd/1.5.5-GCCcore-13.2.0

Extracting gene ranks for eQTL catalogue
Extracting gene ranks for GTEx
Extracting gene ranks for onek1k
Done
